<?xml version="1.0" encoding="UTF-8"?>
<!-- Generated by org.testng.reporters.JUnitXMLReporter -->
<testsuite ignored="0" hostname="DESKTOP-LU23BNS" failures="0" tests="3" name="Default test" time="70.589" errors="0" timestamp="2021-03-07T17:14:00 EST">
  <testcase classname="com.ghg.WaterUseF13" name="ReportD1" time="7.624"/>
  <testcase classname="com.ghg.WaterUseF13" name="ReportF2" time="6.648"/>
  <testcase classname="com.ghg.WaterUseF13" name="ReportF3" time="5.561"/>
</testsuite> <!-- Default test -->
