<?xml version="1.0" encoding="UTF-8"?>
<!-- Generated by org.testng.reporters.JUnitXMLReporter -->
<testsuite ignored="0" hostname="DESKTOP-LU23BNS" failures="0" tests="37" name="Test" time="743.975" errors="0" timestamp="2021-03-07T21:44:06 EST">
  <testcase classname="com.ghg.FacilityInvestmentGrossSquareFtOtherMetricsG13" name="ReportG1" time="6.245"/>
  <testcase classname="com.ghg.FacilityInvestmentGrossSquareFtOtherMetricsG13" name="ReportG2" time="5.187"/>
  <testcase classname="com.ghg.FacilityInvestmentGrossSquareFtOtherMetricsG13" name="ReportG3" time="5.507"/>
  <testcase classname="com.ghg.GoalExcludedFacilities" name="ReportC1" time="5.636"/>
  <testcase classname="com.ghg.GoalExcludedFacilities" name="ReportC2" time="5.109"/>
  <testcase classname="com.ghg.GoalExcludedFacilities" name="ReportC3" time="5.528"/>
  <testcase classname="com.ghg.GoalExcludedFacilities" name="ReportC4" time="5.662"/>
  <testcase classname="com.ghg.GreenhouseGasEmission" name="ReportE1" time="3.148"/>
  <testcase classname="com.ghg.GreenhouseGasEmission" name="ReportE2" time="3.711"/>
  <testcase classname="com.ghg.GreenhouseGasEmission" name="ReportE3" time="5.838"/>
  <testcase classname="com.ghg.WaterUseF13" name="ReportD1" time="5.141"/>
  <testcase classname="com.ghg.WaterUseF13" name="ReportF2" time="6.413"/>
  <testcase classname="com.ghg.WaterUseF13" name="ReportF3" time="7.157"/>
  <testcase classname="com.ghg.GoalSubjectBuildings" name="reportB1" time="5.684"/>
  <testcase classname="com.ghg.GoalSubjectBuildings" name="reportB2" time="5.05"/>
  <testcase classname="com.ghg.GoalSubjectBuildings" name="reportB3" time="5.383"/>
  <testcase classname="com.ghg.GoalSubjectBuildings" name="reportB4" time="4.989"/>
  <testcase classname="com.ghg.GoalSubjectBuildings" name="reportB5" time="5.331"/>
  <testcase classname="com.ghg.GoalSubjectBuildings" name="reportB6" time="5.638"/>
  <testcase classname="com.ghg.VehiclesandEquipmentD14" name="ReportD1" time="5.027"/>
  <testcase classname="com.ghg.VehiclesandEquipmentD14" name="ReportD2" time="5.888"/>
  <testcase classname="com.ghg.VehiclesandEquipmentD14" name="ReportD3" time="5.078"/>
  <testcase classname="com.ghg.EngUserSector" name="ReportA1" time="3.355"/>
  <testcase classname="com.ghg.EngUserSector" name="ReportA2" time="3.012"/>
  <testcase classname="com.ghg.EngUserSector" name="ReportA3" time="3.095"/>
  <testcase classname="com.ghg.EngUserSector" name="ReportA4" time="3.17"/>
  <testcase classname="com.ghg.EngUserSector" name="ReportA5" time="2.919"/>
  <testcase classname="com.ghg.EngUserSector" name="ReportA6" time="3.113"/>
  <testcase classname="com.ghg.EngUserSector" name="ReportA7" time="3.105"/>
  <testcase classname="com.ghg.EngUserSector" name="ReportA8" time="4.095"/>
  <testcase classname="com.ghg.EngUserSector" name="ReportA15" time="4.011"/>
  <testcase classname="com.ghg.RenewableEnergyAllEndUserSectors" name="reportA9" time="5.015"/>
  <testcase classname="com.ghg.RenewableEnergyAllEndUserSectors" name="reportA10" time="5.437"/>
  <testcase classname="com.ghg.RenewableEnergyAllEndUserSectors" name="reportA11" time="4.967"/>
  <testcase classname="com.ghg.RenewableEnergyAllEndUserSectors" name="reportA12" time="5.293"/>
  <testcase classname="com.ghg.RenewableEnergyAllEndUserSectors" name="reportA13" time="6.009"/>
  <testcase classname="com.ghg.RenewableEnergyAllEndUserSectors" name="reportA14" time="5.15"/>
</testsuite> <!-- Test -->
