<?xml version="1.0" encoding="UTF-8"?>
<testng-results ignored="0" total="37" passed="37" failed="0" skipped="0">
  <reporter-output>
  </reporter-output>
  <suite started-at="2021-03-07T21:31:42 EST" name="Suite" finished-at="2021-03-07T21:44:06 EST" duration-ms="743975">
    <groups>
      <group name="Goal Excluded Facilities C1-C4">
        <method signature="GoalExcludedFacilities.ReportC1()[pri:1, instance:com.ghg.GoalExcludedFacilities@45e9b12d]" name="ReportC1" class="com.ghg.GoalExcludedFacilities"/>
        <method signature="GoalExcludedFacilities.ReportC2()[pri:2, instance:com.ghg.GoalExcludedFacilities@45e9b12d]" name="ReportC2" class="com.ghg.GoalExcludedFacilities"/>
        <method signature="GoalExcludedFacilities.ReportC3()[pri:3, instance:com.ghg.GoalExcludedFacilities@45e9b12d]" name="ReportC3" class="com.ghg.GoalExcludedFacilities"/>
        <method signature="GoalExcludedFacilities.ReportC4()[pri:4, instance:com.ghg.GoalExcludedFacilities@45e9b12d]" name="ReportC4" class="com.ghg.GoalExcludedFacilities"/>
      </group> <!-- Goal Excluded Facilities C1-C4 -->
      <group name="Facility Investment GrossSquare Ft Other Metrics G1-3">
        <method signature="FacilityInvestmentGrossSquareFtOtherMetricsG13.ReportG1()[pri:1, instance:com.ghg.FacilityInvestmentGrossSquareFtOtherMetricsG13@5626d18c]" name="ReportG1" class="com.ghg.FacilityInvestmentGrossSquareFtOtherMetricsG13"/>
        <method signature="FacilityInvestmentGrossSquareFtOtherMetricsG13.ReportG2()[pri:2, instance:com.ghg.FacilityInvestmentGrossSquareFtOtherMetricsG13@5626d18c]" name="ReportG2" class="com.ghg.FacilityInvestmentGrossSquareFtOtherMetricsG13"/>
        <method signature="FacilityInvestmentGrossSquareFtOtherMetricsG13.ReportG3()[pri:3, instance:com.ghg.FacilityInvestmentGrossSquareFtOtherMetricsG13@5626d18c]" name="ReportG3" class="com.ghg.FacilityInvestmentGrossSquareFtOtherMetricsG13"/>
      </group> <!-- Facility Investment GrossSquare Ft Other Metrics G1-3 -->
      <group name="Greenhouse Gas Emission E1-E3">
        <method signature="GreenhouseGasEmission.ReportE1()[pri:1, instance:com.ghg.GreenhouseGasEmission@3dc95b8b]" name="ReportE1" class="com.ghg.GreenhouseGasEmission"/>
        <method signature="GreenhouseGasEmission.ReportE2()[pri:2, instance:com.ghg.GreenhouseGasEmission@3dc95b8b]" name="ReportE2" class="com.ghg.GreenhouseGasEmission"/>
        <method signature="GreenhouseGasEmission.ReportE3()[pri:3, instance:com.ghg.GreenhouseGasEmission@3dc95b8b]" name="ReportE3" class="com.ghg.GreenhouseGasEmission"/>
      </group> <!-- Greenhouse Gas Emission E1-E3 -->
      <group name="Vehicles and Equipment D1-D3">
        <method signature="VehiclesandEquipmentD14.ReportD1()[pri:1, instance:com.ghg.VehiclesandEquipmentD14@45f756e6]" name="ReportD1" class="com.ghg.VehiclesandEquipmentD14"/>
        <method signature="VehiclesandEquipmentD14.ReportD2()[pri:2, instance:com.ghg.VehiclesandEquipmentD14@45f756e6]" name="ReportD2" class="com.ghg.VehiclesandEquipmentD14"/>
        <method signature="VehiclesandEquipmentD14.ReportD3()[pri:3, instance:com.ghg.VehiclesandEquipmentD14@45f756e6]" name="ReportD3" class="com.ghg.VehiclesandEquipmentD14"/>
        <method signature="WaterUseF13.ReportD1()[pri:1, instance:com.ghg.WaterUseF13@2d55e826]" name="ReportD1" class="com.ghg.WaterUseF13"/>
        <method signature="WaterUseF13.ReportF2()[pri:2, instance:com.ghg.WaterUseF13@2d55e826]" name="ReportF2" class="com.ghg.WaterUseF13"/>
        <method signature="WaterUseF13.ReportF3()[pri:3, instance:com.ghg.WaterUseF13@2d55e826]" name="ReportF3" class="com.ghg.WaterUseF13"/>
      </group> <!-- Vehicles and Equipment D1-D3 -->
      <group name="Goal Subject Buildings B1-B6">
        <method signature="GoalSubjectBuildings.reportB1()[pri:1, instance:com.ghg.GoalSubjectBuildings@4d1ff6b1]" name="reportB1" class="com.ghg.GoalSubjectBuildings"/>
        <method signature="GoalSubjectBuildings.reportB2()[pri:2, instance:com.ghg.GoalSubjectBuildings@4d1ff6b1]" name="reportB2" class="com.ghg.GoalSubjectBuildings"/>
        <method signature="GoalSubjectBuildings.reportB3()[pri:3, instance:com.ghg.GoalSubjectBuildings@4d1ff6b1]" name="reportB3" class="com.ghg.GoalSubjectBuildings"/>
        <method signature="GoalSubjectBuildings.reportB4()[pri:4, instance:com.ghg.GoalSubjectBuildings@4d1ff6b1]" name="reportB4" class="com.ghg.GoalSubjectBuildings"/>
        <method signature="GoalSubjectBuildings.reportB5()[pri:5, instance:com.ghg.GoalSubjectBuildings@4d1ff6b1]" name="reportB5" class="com.ghg.GoalSubjectBuildings"/>
        <method signature="GoalSubjectBuildings.reportB6()[pri:6, instance:com.ghg.GoalSubjectBuildings@4d1ff6b1]" name="reportB6" class="com.ghg.GoalSubjectBuildings"/>
      </group> <!-- Goal Subject Buildings B1-B6 -->
      <group name="End user sector A1-A8 and A15">
        <method signature="EngUserSector.ReportA1()[pri:1, instance:com.ghg.EngUserSector@329548d0]" name="ReportA1" class="com.ghg.EngUserSector"/>
        <method signature="EngUserSector.ReportA15()[pri:15, instance:com.ghg.EngUserSector@329548d0]" name="ReportA15" class="com.ghg.EngUserSector"/>
        <method signature="EngUserSector.ReportA2()[pri:2, instance:com.ghg.EngUserSector@329548d0]" name="ReportA2" class="com.ghg.EngUserSector"/>
        <method signature="EngUserSector.ReportA3()[pri:3, instance:com.ghg.EngUserSector@329548d0]" name="ReportA3" class="com.ghg.EngUserSector"/>
        <method signature="EngUserSector.ReportA4()[pri:4, instance:com.ghg.EngUserSector@329548d0]" name="ReportA4" class="com.ghg.EngUserSector"/>
        <method signature="EngUserSector.ReportA5()[pri:5, instance:com.ghg.EngUserSector@329548d0]" name="ReportA5" class="com.ghg.EngUserSector"/>
        <method signature="EngUserSector.ReportA6()[pri:6, instance:com.ghg.EngUserSector@329548d0]" name="ReportA6" class="com.ghg.EngUserSector"/>
        <method signature="EngUserSector.ReportA7()[pri:7, instance:com.ghg.EngUserSector@329548d0]" name="ReportA7" class="com.ghg.EngUserSector"/>
        <method signature="EngUserSector.ReportA8()[pri:8, instance:com.ghg.EngUserSector@329548d0]" name="ReportA8" class="com.ghg.EngUserSector"/>
      </group> <!-- End user sector A1-A8 and A15 -->
      <group name="Renewable Energy All End User sectors A9-A14">
        <method signature="RenewableEnergyAllEndUserSectors.reportA10()[pri:2, instance:com.ghg.RenewableEnergyAllEndUserSectors@3003827c]" name="reportA10" class="com.ghg.RenewableEnergyAllEndUserSectors"/>
        <method signature="RenewableEnergyAllEndUserSectors.reportA11()[pri:3, instance:com.ghg.RenewableEnergyAllEndUserSectors@3003827c]" name="reportA11" class="com.ghg.RenewableEnergyAllEndUserSectors"/>
        <method signature="RenewableEnergyAllEndUserSectors.reportA12()[pri:4, instance:com.ghg.RenewableEnergyAllEndUserSectors@3003827c]" name="reportA12" class="com.ghg.RenewableEnergyAllEndUserSectors"/>
        <method signature="RenewableEnergyAllEndUserSectors.reportA13()[pri:5, instance:com.ghg.RenewableEnergyAllEndUserSectors@3003827c]" name="reportA13" class="com.ghg.RenewableEnergyAllEndUserSectors"/>
        <method signature="RenewableEnergyAllEndUserSectors.reportA14()[pri:6, instance:com.ghg.RenewableEnergyAllEndUserSectors@3003827c]" name="reportA14" class="com.ghg.RenewableEnergyAllEndUserSectors"/>
        <method signature="RenewableEnergyAllEndUserSectors.reportA9()[pri:1, instance:com.ghg.RenewableEnergyAllEndUserSectors@3003827c]" name="reportA9" class="com.ghg.RenewableEnergyAllEndUserSectors"/>
      </group> <!-- Renewable Energy All End User sectors A9-A14 -->
    </groups>
    <test started-at="2021-03-07T21:31:42 EST" name="Test" finished-at="2021-03-07T21:44:06 EST" duration-ms="743975">
      <class name="com.ghg.GoalSubjectBuildings">
        <test-method is-config="true" signature="setUp()[pri:0, instance:com.ghg.GoalSubjectBuildings@4d1ff6b1]" started-at="2021-03-07T21:36:31 EST" name="setUp" finished-at="2021-03-07T21:36:44 EST" duration-ms="12552" status="PASS">
          <reporter-output>
          </reporter-output>
        </test-method> <!-- setUp -->
        <test-method signature="reportB1()[pri:1, instance:com.ghg.GoalSubjectBuildings@4d1ff6b1]" started-at="2021-03-07T21:36:44 EST" name="reportB1" finished-at="2021-03-07T21:36:50 EST" duration-ms="5684" status="PASS">
          <reporter-output>
          </reporter-output>
        </test-method> <!-- reportB1 -->
        <test-method is-config="true" signature="teardown()[pri:0, instance:com.ghg.GoalSubjectBuildings@4d1ff6b1]" started-at="2021-03-07T21:36:50 EST" name="teardown" finished-at="2021-03-07T21:36:54 EST" duration-ms="4343" status="PASS">
          <reporter-output>
          </reporter-output>
        </test-method> <!-- teardown -->
        <test-method is-config="true" signature="setUp()[pri:0, instance:com.ghg.GoalSubjectBuildings@4d1ff6b1]" started-at="2021-03-07T21:36:54 EST" name="setUp" finished-at="2021-03-07T21:37:05 EST" duration-ms="11308" status="PASS">
          <reporter-output>
          </reporter-output>
        </test-method> <!-- setUp -->
        <test-method signature="reportB2()[pri:2, instance:com.ghg.GoalSubjectBuildings@4d1ff6b1]" started-at="2021-03-07T21:37:05 EST" name="reportB2" finished-at="2021-03-07T21:37:10 EST" duration-ms="5050" status="PASS">
          <reporter-output>
          </reporter-output>
        </test-method> <!-- reportB2 -->
        <test-method is-config="true" signature="teardown()[pri:0, instance:com.ghg.GoalSubjectBuildings@4d1ff6b1]" started-at="2021-03-07T21:37:10 EST" name="teardown" finished-at="2021-03-07T21:37:15 EST" duration-ms="4329" status="PASS">
          <reporter-output>
          </reporter-output>
        </test-method> <!-- teardown -->
        <test-method is-config="true" signature="setUp()[pri:0, instance:com.ghg.GoalSubjectBuildings@4d1ff6b1]" started-at="2021-03-07T21:37:15 EST" name="setUp" finished-at="2021-03-07T21:37:28 EST" duration-ms="13414" status="PASS">
          <reporter-output>
          </reporter-output>
        </test-method> <!-- setUp -->
        <test-method signature="reportB3()[pri:3, instance:com.ghg.GoalSubjectBuildings@4d1ff6b1]" started-at="2021-03-07T21:37:28 EST" name="reportB3" finished-at="2021-03-07T21:37:34 EST" duration-ms="5383" status="PASS">
          <reporter-output>
          </reporter-output>
        </test-method> <!-- reportB3 -->
        <test-method is-config="true" signature="teardown()[pri:0, instance:com.ghg.GoalSubjectBuildings@4d1ff6b1]" started-at="2021-03-07T21:37:34 EST" name="teardown" finished-at="2021-03-07T21:37:34 EST" duration-ms="570" status="PASS">
          <reporter-output>
          </reporter-output>
        </test-method> <!-- teardown -->
        <test-method is-config="true" signature="setUp()[pri:0, instance:com.ghg.GoalSubjectBuildings@4d1ff6b1]" started-at="2021-03-07T21:37:34 EST" name="setUp" finished-at="2021-03-07T21:37:47 EST" duration-ms="12330" status="PASS">
          <reporter-output>
          </reporter-output>
        </test-method> <!-- setUp -->
        <test-method signature="reportB4()[pri:4, instance:com.ghg.GoalSubjectBuildings@4d1ff6b1]" started-at="2021-03-07T21:37:47 EST" name="reportB4" finished-at="2021-03-07T21:37:52 EST" duration-ms="4989" status="PASS">
          <reporter-output>
          </reporter-output>
        </test-method> <!-- reportB4 -->
        <test-method is-config="true" signature="teardown()[pri:0, instance:com.ghg.GoalSubjectBuildings@4d1ff6b1]" started-at="2021-03-07T21:37:52 EST" name="teardown" finished-at="2021-03-07T21:37:56 EST" duration-ms="4525" status="PASS">
          <reporter-output>
          </reporter-output>
        </test-method> <!-- teardown -->
        <test-method is-config="true" signature="setUp()[pri:0, instance:com.ghg.GoalSubjectBuildings@4d1ff6b1]" started-at="2021-03-07T21:37:56 EST" name="setUp" finished-at="2021-03-07T21:38:10 EST" duration-ms="13976" status="PASS">
          <reporter-output>
          </reporter-output>
        </test-method> <!-- setUp -->
        <test-method signature="reportB5()[pri:5, instance:com.ghg.GoalSubjectBuildings@4d1ff6b1]" started-at="2021-03-07T21:38:10 EST" name="reportB5" finished-at="2021-03-07T21:38:16 EST" duration-ms="5331" status="PASS">
          <reporter-output>
          </reporter-output>
        </test-method> <!-- reportB5 -->
        <test-method is-config="true" signature="teardown()[pri:0, instance:com.ghg.GoalSubjectBuildings@4d1ff6b1]" started-at="2021-03-07T21:38:16 EST" name="teardown" finished-at="2021-03-07T21:38:20 EST" duration-ms="4283" status="PASS">
          <reporter-output>
          </reporter-output>
        </test-method> <!-- teardown -->
        <test-method is-config="true" signature="setUp()[pri:0, instance:com.ghg.GoalSubjectBuildings@4d1ff6b1]" started-at="2021-03-07T21:38:20 EST" name="setUp" finished-at="2021-03-07T21:38:32 EST" duration-ms="11694" status="PASS">
          <reporter-output>
          </reporter-output>
        </test-method> <!-- setUp -->
        <test-method signature="reportB6()[pri:6, instance:com.ghg.GoalSubjectBuildings@4d1ff6b1]" started-at="2021-03-07T21:38:32 EST" name="reportB6" finished-at="2021-03-07T21:38:37 EST" duration-ms="5638" status="PASS">
          <reporter-output>
          </reporter-output>
        </test-method> <!-- reportB6 -->
        <test-method is-config="true" signature="teardown()[pri:0, instance:com.ghg.GoalSubjectBuildings@4d1ff6b1]" started-at="2021-03-07T21:38:37 EST" name="teardown" finished-at="2021-03-07T21:38:42 EST" duration-ms="4561" status="PASS">
          <reporter-output>
          </reporter-output>
        </test-method> <!-- teardown -->
      </class> <!-- com.ghg.GoalSubjectBuildings -->
      <class name="com.ghg.EngUserSector">
        <test-method is-config="true" signature="setUp()[pri:0, instance:com.ghg.EngUserSector@329548d0]" started-at="2021-03-07T21:39:41 EST" name="setUp" finished-at="2021-03-07T21:39:52 EST" duration-ms="10910" status="PASS">
          <reporter-output>
          </reporter-output>
        </test-method> <!-- setUp -->
        <test-method signature="ReportA1()[pri:1, instance:com.ghg.EngUserSector@329548d0]" started-at="2021-03-07T21:39:52 EST" name="ReportA1" finished-at="2021-03-07T21:39:55 EST" duration-ms="3355" status="PASS">
          <reporter-output>
          </reporter-output>
        </test-method> <!-- ReportA1 -->
        <test-method is-config="true" signature="teardown()[pri:0, instance:com.ghg.EngUserSector@329548d0]" started-at="2021-03-07T21:39:55 EST" name="teardown" finished-at="2021-03-07T21:39:59 EST" duration-ms="4235" status="PASS">
          <reporter-output>
          </reporter-output>
        </test-method> <!-- teardown -->
        <test-method is-config="true" signature="setUp()[pri:0, instance:com.ghg.EngUserSector@329548d0]" started-at="2021-03-07T21:39:59 EST" name="setUp" finished-at="2021-03-07T21:40:09 EST" duration-ms="9566" status="PASS">
          <reporter-output>
          </reporter-output>
        </test-method> <!-- setUp -->
        <test-method signature="ReportA2()[pri:2, instance:com.ghg.EngUserSector@329548d0]" started-at="2021-03-07T21:40:09 EST" name="ReportA2" finished-at="2021-03-07T21:40:12 EST" duration-ms="3012" status="PASS">
          <reporter-output>
          </reporter-output>
        </test-method> <!-- ReportA2 -->
        <test-method is-config="true" signature="teardown()[pri:0, instance:com.ghg.EngUserSector@329548d0]" started-at="2021-03-07T21:40:12 EST" name="teardown" finished-at="2021-03-07T21:40:16 EST" duration-ms="4149" status="PASS">
          <reporter-output>
          </reporter-output>
        </test-method> <!-- teardown -->
        <test-method is-config="true" signature="setUp()[pri:0, instance:com.ghg.EngUserSector@329548d0]" started-at="2021-03-07T21:40:16 EST" name="setUp" finished-at="2021-03-07T21:40:27 EST" duration-ms="10753" status="PASS">
          <reporter-output>
          </reporter-output>
        </test-method> <!-- setUp -->
        <test-method signature="ReportA3()[pri:3, instance:com.ghg.EngUserSector@329548d0]" started-at="2021-03-07T21:40:27 EST" name="ReportA3" finished-at="2021-03-07T21:40:30 EST" duration-ms="3095" status="PASS">
          <reporter-output>
          </reporter-output>
        </test-method> <!-- ReportA3 -->
        <test-method is-config="true" signature="teardown()[pri:0, instance:com.ghg.EngUserSector@329548d0]" started-at="2021-03-07T21:40:30 EST" name="teardown" finished-at="2021-03-07T21:40:31 EST" duration-ms="524" status="PASS">
          <reporter-output>
          </reporter-output>
        </test-method> <!-- teardown -->
        <test-method is-config="true" signature="setUp()[pri:0, instance:com.ghg.EngUserSector@329548d0]" started-at="2021-03-07T21:40:31 EST" name="setUp" finished-at="2021-03-07T21:40:43 EST" duration-ms="12711" status="PASS">
          <reporter-output>
          </reporter-output>
        </test-method> <!-- setUp -->
        <test-method signature="ReportA4()[pri:4, instance:com.ghg.EngUserSector@329548d0]" started-at="2021-03-07T21:40:43 EST" name="ReportA4" finished-at="2021-03-07T21:40:46 EST" duration-ms="3170" status="PASS">
          <reporter-output>
          </reporter-output>
        </test-method> <!-- ReportA4 -->
        <test-method is-config="true" signature="teardown()[pri:0, instance:com.ghg.EngUserSector@329548d0]" started-at="2021-03-07T21:40:46 EST" name="teardown" finished-at="2021-03-07T21:40:51 EST" duration-ms="4169" status="PASS">
          <reporter-output>
          </reporter-output>
        </test-method> <!-- teardown -->
        <test-method is-config="true" signature="setUp()[pri:0, instance:com.ghg.EngUserSector@329548d0]" started-at="2021-03-07T21:40:51 EST" name="setUp" finished-at="2021-03-07T21:41:00 EST" duration-ms="9140" status="PASS">
          <reporter-output>
          </reporter-output>
        </test-method> <!-- setUp -->
        <test-method signature="ReportA5()[pri:5, instance:com.ghg.EngUserSector@329548d0]" started-at="2021-03-07T21:41:00 EST" name="ReportA5" finished-at="2021-03-07T21:41:03 EST" duration-ms="2919" status="PASS">
          <reporter-output>
          </reporter-output>
        </test-method> <!-- ReportA5 -->
        <test-method is-config="true" signature="teardown()[pri:0, instance:com.ghg.EngUserSector@329548d0]" started-at="2021-03-07T21:41:03 EST" name="teardown" finished-at="2021-03-07T21:41:07 EST" duration-ms="4133" status="PASS">
          <reporter-output>
          </reporter-output>
        </test-method> <!-- teardown -->
        <test-method is-config="true" signature="setUp()[pri:0, instance:com.ghg.EngUserSector@329548d0]" started-at="2021-03-07T21:41:07 EST" name="setUp" finished-at="2021-03-07T21:41:18 EST" duration-ms="11383" status="PASS">
          <reporter-output>
          </reporter-output>
        </test-method> <!-- setUp -->
        <test-method signature="ReportA6()[pri:6, instance:com.ghg.EngUserSector@329548d0]" started-at="2021-03-07T21:41:18 EST" name="ReportA6" finished-at="2021-03-07T21:41:21 EST" duration-ms="3113" status="PASS">
          <reporter-output>
          </reporter-output>
        </test-method> <!-- ReportA6 -->
        <test-method is-config="true" signature="teardown()[pri:0, instance:com.ghg.EngUserSector@329548d0]" started-at="2021-03-07T21:41:21 EST" name="teardown" finished-at="2021-03-07T21:41:22 EST" duration-ms="348" status="PASS">
          <reporter-output>
          </reporter-output>
        </test-method> <!-- teardown -->
        <test-method is-config="true" signature="setUp()[pri:0, instance:com.ghg.EngUserSector@329548d0]" started-at="2021-03-07T21:41:22 EST" name="setUp" finished-at="2021-03-07T21:41:32 EST" duration-ms="10055" status="PASS">
          <reporter-output>
          </reporter-output>
        </test-method> <!-- setUp -->
        <test-method signature="ReportA7()[pri:7, instance:com.ghg.EngUserSector@329548d0]" started-at="2021-03-07T21:41:32 EST" name="ReportA7" finished-at="2021-03-07T21:41:35 EST" duration-ms="3105" status="PASS">
          <reporter-output>
          </reporter-output>
        </test-method> <!-- ReportA7 -->
        <test-method is-config="true" signature="teardown()[pri:0, instance:com.ghg.EngUserSector@329548d0]" started-at="2021-03-07T21:41:35 EST" name="teardown" finished-at="2021-03-07T21:41:35 EST" duration-ms="399" status="PASS">
          <reporter-output>
          </reporter-output>
        </test-method> <!-- teardown -->
        <test-method is-config="true" signature="setUp()[pri:0, instance:com.ghg.EngUserSector@329548d0]" started-at="2021-03-07T21:41:35 EST" name="setUp" finished-at="2021-03-07T21:41:46 EST" duration-ms="10237" status="PASS">
          <reporter-output>
          </reporter-output>
        </test-method> <!-- setUp -->
        <test-method signature="ReportA8()[pri:8, instance:com.ghg.EngUserSector@329548d0]" started-at="2021-03-07T21:41:46 EST" name="ReportA8" finished-at="2021-03-07T21:41:50 EST" duration-ms="4095" status="PASS">
          <reporter-output>
          </reporter-output>
        </test-method> <!-- ReportA8 -->
        <test-method is-config="true" signature="teardown()[pri:0, instance:com.ghg.EngUserSector@329548d0]" started-at="2021-03-07T21:41:50 EST" name="teardown" finished-at="2021-03-07T21:41:54 EST" duration-ms="4324" status="PASS">
          <reporter-output>
          </reporter-output>
        </test-method> <!-- teardown -->
        <test-method is-config="true" signature="setUp()[pri:0, instance:com.ghg.EngUserSector@329548d0]" started-at="2021-03-07T21:41:54 EST" name="setUp" finished-at="2021-03-07T21:42:06 EST" duration-ms="12078" status="PASS">
          <reporter-output>
          </reporter-output>
        </test-method> <!-- setUp -->
        <test-method signature="ReportA15()[pri:15, instance:com.ghg.EngUserSector@329548d0]" started-at="2021-03-07T21:42:06 EST" name="ReportA15" finished-at="2021-03-07T21:42:10 EST" duration-ms="4011" status="PASS">
          <reporter-output>
          </reporter-output>
        </test-method> <!-- ReportA15 -->
        <test-method is-config="true" signature="teardown()[pri:0, instance:com.ghg.EngUserSector@329548d0]" started-at="2021-03-07T21:42:10 EST" name="teardown" finished-at="2021-03-07T21:42:11 EST" duration-ms="840" status="PASS">
          <reporter-output>
          </reporter-output>
        </test-method> <!-- teardown -->
      </class> <!-- com.ghg.EngUserSector -->
      <class name="com.ghg.GreenhouseGasEmission">
        <test-method is-config="true" signature="setUp()[pri:0, instance:com.ghg.GreenhouseGasEmission@3dc95b8b]" started-at="2021-03-07T21:34:27 EST" name="setUp" finished-at="2021-03-07T21:34:38 EST" duration-ms="10667" status="PASS">
          <reporter-output>
          </reporter-output>
        </test-method> <!-- setUp -->
        <test-method signature="ReportE1()[pri:1, instance:com.ghg.GreenhouseGasEmission@3dc95b8b]" started-at="2021-03-07T21:34:38 EST" name="ReportE1" finished-at="2021-03-07T21:34:41 EST" duration-ms="3148" status="PASS">
          <reporter-output>
          </reporter-output>
        </test-method> <!-- ReportE1 -->
        <test-method is-config="true" signature="teardown()[pri:0, instance:com.ghg.GreenhouseGasEmission@3dc95b8b]" started-at="2021-03-07T21:34:41 EST" name="teardown" finished-at="2021-03-07T21:34:42 EST" duration-ms="656" status="PASS">
          <reporter-output>
          </reporter-output>
        </test-method> <!-- teardown -->
        <test-method is-config="true" signature="setUp()[pri:0, instance:com.ghg.GreenhouseGasEmission@3dc95b8b]" started-at="2021-03-07T21:34:42 EST" name="setUp" finished-at="2021-03-07T21:34:52 EST" duration-ms="10466" status="PASS">
          <reporter-output>
          </reporter-output>
        </test-method> <!-- setUp -->
        <test-method signature="ReportE2()[pri:2, instance:com.ghg.GreenhouseGasEmission@3dc95b8b]" started-at="2021-03-07T21:34:52 EST" name="ReportE2" finished-at="2021-03-07T21:34:56 EST" duration-ms="3711" status="PASS">
          <reporter-output>
          </reporter-output>
        </test-method> <!-- ReportE2 -->
        <test-method is-config="true" signature="teardown()[pri:0, instance:com.ghg.GreenhouseGasEmission@3dc95b8b]" started-at="2021-03-07T21:34:56 EST" name="teardown" finished-at="2021-03-07T21:35:01 EST" duration-ms="4715" status="PASS">
          <reporter-output>
          </reporter-output>
        </test-method> <!-- teardown -->
        <test-method is-config="true" signature="setUp()[pri:0, instance:com.ghg.GreenhouseGasEmission@3dc95b8b]" started-at="2021-03-07T21:35:01 EST" name="setUp" finished-at="2021-03-07T21:35:15 EST" duration-ms="14521" status="PASS">
          <reporter-output>
          </reporter-output>
        </test-method> <!-- setUp -->
        <test-method signature="ReportE3()[pri:3, instance:com.ghg.GreenhouseGasEmission@3dc95b8b]" started-at="2021-03-07T21:35:15 EST" name="ReportE3" finished-at="2021-03-07T21:35:21 EST" duration-ms="5838" status="PASS">
          <reporter-output>
          </reporter-output>
        </test-method> <!-- ReportE3 -->
        <test-method is-config="true" signature="teardown()[pri:0, instance:com.ghg.GreenhouseGasEmission@3dc95b8b]" started-at="2021-03-07T21:35:21 EST" name="teardown" finished-at="2021-03-07T21:35:25 EST" duration-ms="4514" status="PASS">
          <reporter-output>
          </reporter-output>
        </test-method> <!-- teardown -->
      </class> <!-- com.ghg.GreenhouseGasEmission -->
      <class name="com.ghg.FacilityInvestmentGrossSquareFtOtherMetricsG13">
        <test-method is-config="true" signature="setUp()[pri:0, instance:com.ghg.FacilityInvestmentGrossSquareFtOtherMetricsG13@5626d18c]" started-at="2021-03-07T21:31:42 EST" name="setUp" finished-at="2021-03-07T21:32:02 EST" duration-ms="19718" status="PASS">
          <reporter-output>
          </reporter-output>
        </test-method> <!-- setUp -->
        <test-method signature="ReportG1()[pri:1, instance:com.ghg.FacilityInvestmentGrossSquareFtOtherMetricsG13@5626d18c]" started-at="2021-03-07T21:32:02 EST" name="ReportG1" finished-at="2021-03-07T21:32:08 EST" duration-ms="6245" status="PASS">
          <reporter-output>
          </reporter-output>
        </test-method> <!-- ReportG1 -->
        <test-method is-config="true" signature="teardown()[pri:0, instance:com.ghg.FacilityInvestmentGrossSquareFtOtherMetricsG13@5626d18c]" started-at="2021-03-07T21:32:08 EST" name="teardown" finished-at="2021-03-07T21:32:14 EST" duration-ms="5428" status="PASS">
          <reporter-output>
          </reporter-output>
        </test-method> <!-- teardown -->
        <test-method is-config="true" signature="setUp()[pri:0, instance:com.ghg.FacilityInvestmentGrossSquareFtOtherMetricsG13@5626d18c]" started-at="2021-03-07T21:32:14 EST" name="setUp" finished-at="2021-03-07T21:32:28 EST" duration-ms="14376" status="PASS">
          <reporter-output>
          </reporter-output>
        </test-method> <!-- setUp -->
        <test-method signature="ReportG2()[pri:2, instance:com.ghg.FacilityInvestmentGrossSquareFtOtherMetricsG13@5626d18c]" started-at="2021-03-07T21:32:28 EST" name="ReportG2" finished-at="2021-03-07T21:32:33 EST" duration-ms="5187" status="PASS">
          <reporter-output>
          </reporter-output>
        </test-method> <!-- ReportG2 -->
        <test-method is-config="true" signature="teardown()[pri:0, instance:com.ghg.FacilityInvestmentGrossSquareFtOtherMetricsG13@5626d18c]" started-at="2021-03-07T21:32:34 EST" name="teardown" finished-at="2021-03-07T21:32:38 EST" duration-ms="4393" status="PASS">
          <reporter-output>
          </reporter-output>
        </test-method> <!-- teardown -->
        <test-method is-config="true" signature="setUp()[pri:0, instance:com.ghg.FacilityInvestmentGrossSquareFtOtherMetricsG13@5626d18c]" started-at="2021-03-07T21:32:38 EST" name="setUp" finished-at="2021-03-07T21:32:54 EST" duration-ms="16399" status="PASS">
          <reporter-output>
          </reporter-output>
        </test-method> <!-- setUp -->
        <test-method signature="ReportG3()[pri:3, instance:com.ghg.FacilityInvestmentGrossSquareFtOtherMetricsG13@5626d18c]" started-at="2021-03-07T21:32:54 EST" name="ReportG3" finished-at="2021-03-07T21:33:00 EST" duration-ms="5507" status="PASS">
          <reporter-output>
          </reporter-output>
        </test-method> <!-- ReportG3 -->
        <test-method is-config="true" signature="teardown()[pri:0, instance:com.ghg.FacilityInvestmentGrossSquareFtOtherMetricsG13@5626d18c]" started-at="2021-03-07T21:33:00 EST" name="teardown" finished-at="2021-03-07T21:33:00 EST" duration-ms="241" status="PASS">
          <reporter-output>
          </reporter-output>
        </test-method> <!-- teardown -->
      </class> <!-- com.ghg.FacilityInvestmentGrossSquareFtOtherMetricsG13 -->
      <class name="com.ghg.GoalExcludedFacilities">
        <test-method is-config="true" signature="setUp()[pri:0, instance:com.ghg.GoalExcludedFacilities@45e9b12d]" started-at="2021-03-07T21:33:00 EST" name="setUp" finished-at="2021-03-07T21:33:14 EST" duration-ms="13558" status="PASS">
          <reporter-output>
          </reporter-output>
        </test-method> <!-- setUp -->
        <test-method signature="ReportC1()[pri:1, instance:com.ghg.GoalExcludedFacilities@45e9b12d]" started-at="2021-03-07T21:33:14 EST" name="ReportC1" finished-at="2021-03-07T21:33:19 EST" duration-ms="5636" status="PASS">
          <reporter-output>
          </reporter-output>
        </test-method> <!-- ReportC1 -->
        <test-method is-config="true" signature="teardown()[pri:0, instance:com.ghg.GoalExcludedFacilities@45e9b12d]" started-at="2021-03-07T21:33:19 EST" name="teardown" finished-at="2021-03-07T21:33:21 EST" duration-ms="1343" status="PASS">
          <reporter-output>
          </reporter-output>
        </test-method> <!-- teardown -->
        <test-method is-config="true" signature="setUp()[pri:0, instance:com.ghg.GoalExcludedFacilities@45e9b12d]" started-at="2021-03-07T21:33:21 EST" name="setUp" finished-at="2021-03-07T21:33:36 EST" duration-ms="15601" status="PASS">
          <reporter-output>
          </reporter-output>
        </test-method> <!-- setUp -->
        <test-method signature="ReportC2()[pri:2, instance:com.ghg.GoalExcludedFacilities@45e9b12d]" started-at="2021-03-07T21:33:36 EST" name="ReportC2" finished-at="2021-03-07T21:33:41 EST" duration-ms="5109" status="PASS">
          <reporter-output>
          </reporter-output>
        </test-method> <!-- ReportC2 -->
        <test-method is-config="true" signature="teardown()[pri:0, instance:com.ghg.GoalExcludedFacilities@45e9b12d]" started-at="2021-03-07T21:33:41 EST" name="teardown" finished-at="2021-03-07T21:33:42 EST" duration-ms="1037" status="PASS">
          <reporter-output>
          </reporter-output>
        </test-method> <!-- teardown -->
        <test-method is-config="true" signature="setUp()[pri:0, instance:com.ghg.GoalExcludedFacilities@45e9b12d]" started-at="2021-03-07T21:33:42 EST" name="setUp" finished-at="2021-03-07T21:33:54 EST" duration-ms="11123" status="PASS">
          <reporter-output>
          </reporter-output>
        </test-method> <!-- setUp -->
        <test-method signature="ReportC3()[pri:3, instance:com.ghg.GoalExcludedFacilities@45e9b12d]" started-at="2021-03-07T21:33:54 EST" name="ReportC3" finished-at="2021-03-07T21:33:59 EST" duration-ms="5528" status="PASS">
          <reporter-output>
          </reporter-output>
        </test-method> <!-- ReportC3 -->
        <test-method is-config="true" signature="teardown()[pri:0, instance:com.ghg.GoalExcludedFacilities@45e9b12d]" started-at="2021-03-07T21:33:59 EST" name="teardown" finished-at="2021-03-07T21:34:04 EST" duration-ms="4679" status="PASS">
          <reporter-output>
          </reporter-output>
        </test-method> <!-- teardown -->
        <test-method is-config="true" signature="setUp()[pri:0, instance:com.ghg.GoalExcludedFacilities@45e9b12d]" started-at="2021-03-07T21:34:04 EST" name="setUp" finished-at="2021-03-07T21:34:17 EST" duration-ms="12454" status="PASS">
          <reporter-output>
          </reporter-output>
        </test-method> <!-- setUp -->
        <test-method signature="ReportC4()[pri:4, instance:com.ghg.GoalExcludedFacilities@45e9b12d]" started-at="2021-03-07T21:34:17 EST" name="ReportC4" finished-at="2021-03-07T21:34:22 EST" duration-ms="5662" status="PASS">
          <reporter-output>
          </reporter-output>
        </test-method> <!-- ReportC4 -->
        <test-method is-config="true" signature="teardown()[pri:0, instance:com.ghg.GoalExcludedFacilities@45e9b12d]" started-at="2021-03-07T21:34:22 EST" name="teardown" finished-at="2021-03-07T21:34:27 EST" duration-ms="4769" status="PASS">
          <reporter-output>
          </reporter-output>
        </test-method> <!-- teardown -->
      </class> <!-- com.ghg.GoalExcludedFacilities -->
      <class name="com.ghg.VehiclesandEquipmentD14">
        <test-method is-config="true" signature="setUp()[pri:0, instance:com.ghg.VehiclesandEquipmentD14@45f756e6]" started-at="2021-03-07T21:38:42 EST" name="setUp" finished-at="2021-03-07T21:38:54 EST" duration-ms="12371" status="PASS">
          <reporter-output>
          </reporter-output>
        </test-method> <!-- setUp -->
        <test-method signature="ReportD1()[pri:1, instance:com.ghg.VehiclesandEquipmentD14@45f756e6]" started-at="2021-03-07T21:38:54 EST" name="ReportD1" finished-at="2021-03-07T21:38:59 EST" duration-ms="5027" status="PASS">
          <reporter-output>
          </reporter-output>
        </test-method> <!-- ReportD1 -->
        <test-method is-config="true" signature="teardown()[pri:0, instance:com.ghg.VehiclesandEquipmentD14@45f756e6]" started-at="2021-03-07T21:38:59 EST" name="teardown" finished-at="2021-03-07T21:39:04 EST" duration-ms="4654" status="PASS">
          <reporter-output>
          </reporter-output>
        </test-method> <!-- teardown -->
        <test-method is-config="true" signature="setUp()[pri:0, instance:com.ghg.VehiclesandEquipmentD14@45f756e6]" started-at="2021-03-07T21:39:04 EST" name="setUp" finished-at="2021-03-07T21:39:14 EST" duration-ms="10477" status="PASS">
          <reporter-output>
          </reporter-output>
        </test-method> <!-- setUp -->
        <test-method signature="ReportD2()[pri:2, instance:com.ghg.VehiclesandEquipmentD14@45f756e6]" started-at="2021-03-07T21:39:14 EST" name="ReportD2" finished-at="2021-03-07T21:39:20 EST" duration-ms="5888" status="PASS">
          <reporter-output>
          </reporter-output>
        </test-method> <!-- ReportD2 -->
        <test-method is-config="true" signature="teardown()[pri:0, instance:com.ghg.VehiclesandEquipmentD14@45f756e6]" started-at="2021-03-07T21:39:20 EST" name="teardown" finished-at="2021-03-07T21:39:25 EST" duration-ms="4457" status="PASS">
          <reporter-output>
          </reporter-output>
        </test-method> <!-- teardown -->
        <test-method is-config="true" signature="setUp()[pri:0, instance:com.ghg.VehiclesandEquipmentD14@45f756e6]" started-at="2021-03-07T21:39:25 EST" name="setUp" finished-at="2021-03-07T21:39:36 EST" duration-ms="11004" status="PASS">
          <reporter-output>
          </reporter-output>
        </test-method> <!-- setUp -->
        <test-method signature="ReportD3()[pri:3, instance:com.ghg.VehiclesandEquipmentD14@45f756e6]" started-at="2021-03-07T21:39:36 EST" name="ReportD3" finished-at="2021-03-07T21:39:41 EST" duration-ms="5078" status="PASS">
          <reporter-output>
          </reporter-output>
        </test-method> <!-- ReportD3 -->
        <test-method is-config="true" signature="teardown()[pri:0, instance:com.ghg.VehiclesandEquipmentD14@45f756e6]" started-at="2021-03-07T21:39:41 EST" name="teardown" finished-at="2021-03-07T21:39:41 EST" duration-ms="213" status="PASS">
          <reporter-output>
          </reporter-output>
        </test-method> <!-- teardown -->
      </class> <!-- com.ghg.VehiclesandEquipmentD14 -->
      <class name="com.ghg.WaterUseF13">
        <test-method is-config="true" signature="setUp()[pri:0, instance:com.ghg.WaterUseF13@2d55e826]" started-at="2021-03-07T21:35:25 EST" name="setUp" finished-at="2021-03-07T21:35:39 EST" duration-ms="13891" status="PASS">
          <reporter-output>
          </reporter-output>
        </test-method> <!-- setUp -->
        <test-method signature="ReportD1()[pri:1, instance:com.ghg.WaterUseF13@2d55e826]" started-at="2021-03-07T21:35:39 EST" name="ReportD1" finished-at="2021-03-07T21:35:44 EST" duration-ms="5141" status="PASS">
          <reporter-output>
          </reporter-output>
        </test-method> <!-- ReportD1 -->
        <test-method is-config="true" signature="teardown()[pri:0, instance:com.ghg.WaterUseF13@2d55e826]" started-at="2021-03-07T21:35:44 EST" name="teardown" finished-at="2021-03-07T21:35:45 EST" duration-ms="616" status="PASS">
          <reporter-output>
          </reporter-output>
        </test-method> <!-- teardown -->
        <test-method is-config="true" signature="setUp()[pri:0, instance:com.ghg.WaterUseF13@2d55e826]" started-at="2021-03-07T21:35:45 EST" name="setUp" finished-at="2021-03-07T21:35:57 EST" duration-ms="11514" status="PASS">
          <reporter-output>
          </reporter-output>
        </test-method> <!-- setUp -->
        <test-method signature="ReportF2()[pri:2, instance:com.ghg.WaterUseF13@2d55e826]" started-at="2021-03-07T21:35:57 EST" name="ReportF2" finished-at="2021-03-07T21:36:03 EST" duration-ms="6413" status="PASS">
          <reporter-output>
          </reporter-output>
        </test-method> <!-- ReportF2 -->
        <test-method is-config="true" signature="teardown()[pri:0, instance:com.ghg.WaterUseF13@2d55e826]" started-at="2021-03-07T21:36:03 EST" name="teardown" finished-at="2021-03-07T21:36:08 EST" duration-ms="4449" status="PASS">
          <reporter-output>
          </reporter-output>
        </test-method> <!-- teardown -->
        <test-method is-config="true" signature="setUp()[pri:0, instance:com.ghg.WaterUseF13@2d55e826]" started-at="2021-03-07T21:36:08 EST" name="setUp" finished-at="2021-03-07T21:36:20 EST" duration-ms="12449" status="PASS">
          <reporter-output>
          </reporter-output>
        </test-method> <!-- setUp -->
        <test-method signature="ReportF3()[pri:3, instance:com.ghg.WaterUseF13@2d55e826]" started-at="2021-03-07T21:36:20 EST" name="ReportF3" finished-at="2021-03-07T21:36:27 EST" duration-ms="7157" status="PASS">
          <reporter-output>
          </reporter-output>
        </test-method> <!-- ReportF3 -->
        <test-method is-config="true" signature="teardown()[pri:0, instance:com.ghg.WaterUseF13@2d55e826]" started-at="2021-03-07T21:36:27 EST" name="teardown" finished-at="2021-03-07T21:36:31 EST" duration-ms="4323" status="PASS">
          <reporter-output>
          </reporter-output>
        </test-method> <!-- teardown -->
      </class> <!-- com.ghg.WaterUseF13 -->
      <class name="com.ghg.RenewableEnergyAllEndUserSectors">
        <test-method is-config="true" signature="setUp()[pri:0, instance:com.ghg.RenewableEnergyAllEndUserSectors@3003827c]" started-at="2021-03-07T21:42:11 EST" name="setUp" finished-at="2021-03-07T21:42:25 EST" duration-ms="14266" status="PASS">
          <reporter-output>
          </reporter-output>
        </test-method> <!-- setUp -->
        <test-method signature="reportA9()[pri:1, instance:com.ghg.RenewableEnergyAllEndUserSectors@3003827c]" started-at="2021-03-07T21:42:25 EST" name="reportA9" finished-at="2021-03-07T21:42:30 EST" duration-ms="5015" status="PASS">
          <reporter-output>
          </reporter-output>
        </test-method> <!-- reportA9 -->
        <test-method is-config="true" signature="teardown()[pri:0, instance:com.ghg.RenewableEnergyAllEndUserSectors@3003827c]" started-at="2021-03-07T21:42:30 EST" name="teardown" finished-at="2021-03-07T21:42:35 EST" duration-ms="4509" status="PASS">
          <reporter-output>
          </reporter-output>
        </test-method> <!-- teardown -->
        <test-method is-config="true" signature="setUp()[pri:0, instance:com.ghg.RenewableEnergyAllEndUserSectors@3003827c]" started-at="2021-03-07T21:42:35 EST" name="setUp" finished-at="2021-03-07T21:42:46 EST" duration-ms="10865" status="PASS">
          <reporter-output>
          </reporter-output>
        </test-method> <!-- setUp -->
        <test-method signature="reportA10()[pri:2, instance:com.ghg.RenewableEnergyAllEndUserSectors@3003827c]" started-at="2021-03-07T21:42:46 EST" name="reportA10" finished-at="2021-03-07T21:42:51 EST" duration-ms="5437" status="PASS">
          <reporter-output>
          </reporter-output>
        </test-method> <!-- reportA10 -->
        <test-method is-config="true" signature="teardown()[pri:0, instance:com.ghg.RenewableEnergyAllEndUserSectors@3003827c]" started-at="2021-03-07T21:42:51 EST" name="teardown" finished-at="2021-03-07T21:42:52 EST" duration-ms="491" status="PASS">
          <reporter-output>
          </reporter-output>
        </test-method> <!-- teardown -->
        <test-method is-config="true" signature="setUp()[pri:0, instance:com.ghg.RenewableEnergyAllEndUserSectors@3003827c]" started-at="2021-03-07T21:42:52 EST" name="setUp" finished-at="2021-03-07T21:43:04 EST" duration-ms="11931" status="PASS">
          <reporter-output>
          </reporter-output>
        </test-method> <!-- setUp -->
        <test-method signature="reportA11()[pri:3, instance:com.ghg.RenewableEnergyAllEndUserSectors@3003827c]" started-at="2021-03-07T21:43:04 EST" name="reportA11" finished-at="2021-03-07T21:43:09 EST" duration-ms="4967" status="PASS">
          <reporter-output>
          </reporter-output>
        </test-method> <!-- reportA11 -->
        <test-method is-config="true" signature="teardown()[pri:0, instance:com.ghg.RenewableEnergyAllEndUserSectors@3003827c]" started-at="2021-03-07T21:43:09 EST" name="teardown" finished-at="2021-03-07T21:43:13 EST" duration-ms="4571" status="PASS">
          <reporter-output>
          </reporter-output>
        </test-method> <!-- teardown -->
        <test-method is-config="true" signature="setUp()[pri:0, instance:com.ghg.RenewableEnergyAllEndUserSectors@3003827c]" started-at="2021-03-07T21:43:13 EST" name="setUp" finished-at="2021-03-07T21:43:24 EST" duration-ms="10440" status="PASS">
          <reporter-output>
          </reporter-output>
        </test-method> <!-- setUp -->
        <test-method signature="reportA12()[pri:4, instance:com.ghg.RenewableEnergyAllEndUserSectors@3003827c]" started-at="2021-03-07T21:43:24 EST" name="reportA12" finished-at="2021-03-07T21:43:29 EST" duration-ms="5293" status="PASS">
          <reporter-output>
          </reporter-output>
        </test-method> <!-- reportA12 -->
        <test-method is-config="true" signature="teardown()[pri:0, instance:com.ghg.RenewableEnergyAllEndUserSectors@3003827c]" started-at="2021-03-07T21:43:29 EST" name="teardown" finished-at="2021-03-07T21:43:34 EST" duration-ms="4661" status="PASS">
          <reporter-output>
          </reporter-output>
        </test-method> <!-- teardown -->
        <test-method is-config="true" signature="setUp()[pri:0, instance:com.ghg.RenewableEnergyAllEndUserSectors@3003827c]" started-at="2021-03-07T21:43:34 EST" name="setUp" finished-at="2021-03-07T21:43:44 EST" duration-ms="10042" status="PASS">
          <reporter-output>
          </reporter-output>
        </test-method> <!-- setUp -->
        <test-method signature="reportA13()[pri:5, instance:com.ghg.RenewableEnergyAllEndUserSectors@3003827c]" started-at="2021-03-07T21:43:44 EST" name="reportA13" finished-at="2021-03-07T21:43:50 EST" duration-ms="6009" status="PASS">
          <reporter-output>
          </reporter-output>
        </test-method> <!-- reportA13 -->
        <test-method is-config="true" signature="teardown()[pri:0, instance:com.ghg.RenewableEnergyAllEndUserSectors@3003827c]" started-at="2021-03-07T21:43:50 EST" name="teardown" finished-at="2021-03-07T21:43:50 EST" duration-ms="563" status="PASS">
          <reporter-output>
          </reporter-output>
        </test-method> <!-- teardown -->
        <test-method is-config="true" signature="setUp()[pri:0, instance:com.ghg.RenewableEnergyAllEndUserSectors@3003827c]" started-at="2021-03-07T21:43:50 EST" name="setUp" finished-at="2021-03-07T21:44:00 EST" duration-ms="9997" status="PASS">
          <reporter-output>
          </reporter-output>
        </test-method> <!-- setUp -->
        <test-method signature="reportA14()[pri:6, instance:com.ghg.RenewableEnergyAllEndUserSectors@3003827c]" started-at="2021-03-07T21:44:00 EST" name="reportA14" finished-at="2021-03-07T21:44:05 EST" duration-ms="5150" status="PASS">
          <reporter-output>
          </reporter-output>
        </test-method> <!-- reportA14 -->
        <test-method is-config="true" signature="teardown()[pri:0, instance:com.ghg.RenewableEnergyAllEndUserSectors@3003827c]" started-at="2021-03-07T21:44:05 EST" name="teardown" finished-at="2021-03-07T21:44:06 EST" duration-ms="329" status="PASS">
          <reporter-output>
          </reporter-output>
        </test-method> <!-- teardown -->
      </class> <!-- com.ghg.RenewableEnergyAllEndUserSectors -->
    </test> <!-- Test -->
  </suite> <!-- Suite -->
</testng-results>
